<?xml version="1.0" encoding="UTF-8"?>
<!-- Generated by org.testng.reporters.JUnitReportReporter -->
<testsuite hostname="DESKTOP-K4CMBHR" failures="0" tests="2" name="testcases.LoginPageTest" time="0.103" errors="0" timestamp="2023-05-14T14:49:11 IST" skipped="0">
  <testcase classname="testcases.LoginPageTest" name="check1" time="0.026"/>
  <system-out/>
  <testcase classname="testcases.LoginPageTest" name="check" time="0.077"/>
  <system-out/>
</testsuite> <!-- testcases.LoginPageTest -->
