<?xml version="1.0" encoding="UTF-8"?>
<!-- Generated by org.testng.reporters.JUnitReportReporter -->
<testsuite hostname="DESKTOP-K4CMBHR" failures="0" tests="1" name="testCase.LoginPageTest" time="0.043" errors="0" timestamp="2023-05-13T15:10:46 IST" skipped="0">
  <testcase classname="testCase.LoginPageTest" name="check1" time="0.043"/>
  <system-out/>
</testsuite> <!-- testCase.LoginPageTest -->
